<?xml version="1.0" encoding="UTF-8"?>
<!-- Generated by org.testng.reporters.JUnitReportReporter -->
<testsuite hostname="DESKTOP-8OK2GE3" failures="0" tests="5" name="craftsoftware.New_test" time="19.579" errors="0" timestamp="2022-07-26T23:49:09 EDT" skipped="0">
  <testcase classname="craftsoftware.New_test" name="dproduct_test" time="11.581"/>
  <system-out/>
  <testcase classname="craftsoftware.New_test" name="ecart_test" time="0.830"/>
  <system-out/>
  <testcase classname="craftsoftware.New_test" name="aLanding_test" time="0.349"/>
  <system-out/>
  <testcase classname="craftsoftware.New_test" name="clogin_test" time="6.114"/>
  <system-out/>
  <testcase classname="craftsoftware.New_test" name="bRegistration_test" time="0.705"/>
  <system-out/>
</testsuite> <!-- craftsoftware.New_test -->
